<?xml version="1.0" encoding="UTF-8" ?>
<testsuite errors="2" failures="1" hostname="lnx" name="controle_viagens.EnderecoControllerSpec" tests="7" time="16.99" timestamp="2015-09-21T15:02:48">
  <properties />
  <testcase classname="controle_viagens.EnderecoControllerSpec" name="Test the index action returns the correct model" time="13.999" />
  <testcase classname="controle_viagens.EnderecoControllerSpec" name="Test the create action returns the correct model" time="0.533" />
  <testcase classname="controle_viagens.EnderecoControllerSpec" name="Test the save action correctly persists an instance" time="1.539">
    <error message="Cannot redirect for object [null, null-null] it is not a domain or has no identifier. Use an explicit redirect instead " type="org.codehaus.groovy.grails.web.servlet.mvc.exceptions.CannotRedirectException">org.codehaus.groovy.grails.web.servlet.mvc.exceptions.CannotRedirectException: Cannot redirect for object [null, null-null] it is not a domain or has no identifier. Use an explicit redirect instead 
	at controle_viagens.EnderecoController.tt__save_closure10_closure16(EnderecoController.groovy:68)
	at controle_viagens.EnderecoController.$tt__save(EnderecoController.groovy:62)
	at controle_viagens.EnderecoControllerSpec.Test the save action correctly persists an instance(EnderecoControllerSpec.groovy:54)
</error>
  </testcase>
  <testcase classname="controle_viagens.EnderecoControllerSpec" name="Test that the show action returns the correct model" time="0.186" />
  <testcase classname="controle_viagens.EnderecoControllerSpec" name="Test that the edit action returns the correct model" time="0.173" />
  <testcase classname="controle_viagens.EnderecoControllerSpec" name="Test the update action performs an update on a valid domain instance" time="0.293">
    <error message="Cannot get property &apos;id&apos; on null object" type="java.lang.NullPointerException">java.lang.NullPointerException: Cannot get property &apos;id&apos; on null object
	at controle_viagens.EnderecoControllerSpec.Test the update action performs an update on a valid domain instance(EnderecoControllerSpec.groovy:122)
</error>
  </testcase>
  <testcase classname="controle_viagens.EnderecoControllerSpec" name="Test that the delete action deletes an instance if it exists" time="0.144">
    <failure message="Condition not satisfied:&#xa;&#xa;Endereco.count() == 1&#xa;         |       |&#xa;         0       false&#xa;" type="junit.framework.AssertionFailedError">junit.framework.AssertionFailedError: Condition not satisfied:

Endereco.count() == 1
         |       |
         0       false

	at controle_viagens.EnderecoControllerSpec.Test that the delete action deletes an instance if it exists(EnderecoControllerSpec.groovy:142)
</failure>
  </testcase>
  <system-out><![CDATA[--Output from Test the index action returns the correct model--
--Output from Test the create action returns the correct model--
--Output from Test the save action correctly persists an instance--
--Output from Test that the show action returns the correct model--
--Output from Test that the edit action returns the correct model--
--Output from Test the update action performs an update on a valid domain instance--
--Output from Test that the delete action deletes an instance if it exists--
]]></system-out>
  <system-err><![CDATA[--Output from Test the index action returns the correct model--
--Output from Test the create action returns the correct model--
--Output from Test the save action correctly persists an instance--
--Output from Test that the show action returns the correct model--
--Output from Test that the edit action returns the correct model--
--Output from Test the update action performs an update on a valid domain instance--
--Output from Test that the delete action deletes an instance if it exists--
]]></system-err>
</testsuite>
